graphnet [MainProcess] WARNING  2024-11-27 19:58:47 - has_icecube_package - `icecube` not available. Some functionality may be missing.
Meander not installed... contours can not be calculated.
graphnet [MainProcess] INFO     2024-11-27 19:58:49 - Logger.__init__ - Writing log to logs/graphnet_20241127-195849.log
graphnet [MainProcess] INFO     2024-11-27 19:58:49 - main - features: ['sensor_pos_x', 'sensor_pos_y', 'sensor_pos_z', 't']
graphnet [MainProcess] INFO     2024-11-27 19:58:49 - main - truth: ['injection_energy', 'injection_type', 'injection_interaction_type', 'injection_zenith', 'injection_azimuth', 'injection_bjorkenx', 'injection_bjorkeny', 'injection_position_x', 'injection_position_y', 'injection_position_z', 'injection_column_depth', 'primary_lepton_1_type', 'primary_hadron_1_type', 'primary_lepton_1_position_x', 'primary_lepton_1_position_y', 'primary_lepton_1_position_z', 'primary_hadron_1_position_x', 'primary_hadron_1_position_y', 'primary_hadron_1_position_z', 'primary_lepton_1_direction_theta', 'primary_lepton_1_direction_phi', 'primary_hadron_1_direction_theta', 'primary_hadron_1_direction_phi', 'primary_lepton_1_energy', 'primary_hadron_1_energy', 'total_energy']
graphnet [MainProcess] INFO     2024-11-27 19:58:49 - _set_dataloader_kwargs - No `val_dataloader_kwargs` given. This arg has been set to `train_dataloader_kwargs` with `shuffle` = False.
graphnet [MainProcess] WARNING  2024-11-27 19:58:49 - _resolve_selections - GraphNeTDataModule did not receive an argument for `test_selection` and will therefore not have a prediction dataloader available.
graphnet [MainProcess] INFO     2024-11-27 19:58:49 - _resolve_selections - GraphNeTDataModule did not receive an for `selection`. Selection will will automatically be created with a split of train: 0.9 and validation: 0.1
graphnet [MainProcess] INFO     2024-11-27 19:58:49 - StandardModel._create_default_callbacks - EarlyStopping has been added with a patience of 2.
graphnet [MainProcess] INFO     2024-11-27 19:58:49 - StandardModel._print_callbacks - Training initiated with callbacks: ProgressBar, EarlyStopping, ModelCheckpoint
GPU available: True (cuda), used: False
TPU available: False, using: 0 TPU cores
HPU available: False, using: 0 HPUs
/raven/u/arego/graphnet-venv-cuda/lib/python3.10/site-packages/pytorch_lightning/trainer/setup.py:177: GPU available but not used. You can set it by doing `Trainer(accelerator='gpu')`.
/raven/u/arego/graphnet-venv-cuda/lib/python3.10/site-packages/pytorch_lightning/trainer/connectors/logger_connector/logger_connector.py:75: Starting from v1.9.0, `tensorboardX` has been removed as a dependency of the `pytorch_lightning` package, due to potential conflicts with other packages in the ML ecosystem. For this reason, `logger=True` will use `CSVLogger` as the default logger, unless the `tensorboard` or `tensorboardX` packages are found. Please `pip install lightning[extra]` or one of them to enable TensorBoard support by default
Initializing distributed: GLOBAL_RANK: 0, MEMBER: 1/1
----------------------------------------------------------------------------------------------------
distributed_backend=gloo
All distributed processes registered. Starting with 1 processes
----------------------------------------------------------------------------------------------------


  | Name              | Type        | Params | Mode 
----------------------------------------------------------
0 | _tasks            | ModuleList  | 387    | train
1 | _graph_definition | KNNGraph    | 0      | train
2 | backbone          | DynEdgeTITO | 6.4 M  | train
----------------------------------------------------------
6.4 M     Trainable params
0         Non-trainable params
6.4 M     Total params
25.574    Total estimated model params size (MB)
97        Modules in train mode
0         Modules in eval mode
SLURM auto-requeueing enabled. Setting signal handlers.
Sanity Checking DataLoader 0:   0%|                                                                | 0/1 [00:00<?, ?it/s]/raven/u/arego/graphnet-venv-cuda/lib/python3.10/site-packages/torch/nn/modules/transformer.py:384: UserWarning: The PyTorch API of nested tensors is in prototype stage and will change in the near future. (Triggered internally at ../aten/src/ATen/NestedTensorImpl.cpp:177.)
  output = torch._nested_tensor_from_mask(output, src_key_padding_mask.logical_not(), mask_check=False)
Epoch  0: 100%|████████████████████████| 3/3 [00:00<00:00,  5.00 batch(es)/s, lr=0.001, val_loss=2.460, train_loss=2.490]`Trainer.fit` stopped: `max_epochs=1` reached.                                                                           
Epoch  0: 100%|████████████████████████| 3/3 [00:00<00:00,  3.95 batch(es)/s, lr=0.001, val_loss=2.460, train_loss=2.490]
graphnet [MainProcess] INFO     2024-11-27 19:58:52 - StandardModel.fit - Best-fit weights from EarlyStopping loaded.
graphnet [MainProcess] INFO     2024-11-27 19:58:52 - StandardModel.predict_as_dataframe - Column names for predictions are: 
 ['d_x_pred', 'd_y_pred', 'd_z_pred', 'd_kappa_pred']
GPU available: True (cuda), used: False
TPU available: False, using: 0 TPU cores
HPU available: False, using: 0 HPUs
SLURM auto-requeueing enabled. Setting signal handlers.
Predicting DataLoader 0: 100%|█████████████████████████████████████████████████████| 1/1 [00:00<00:00,  8.00 batch(es)/s]
graphnet [MainProcess] INFO     2024-11-27 19:58:53 - main - Writing results to /raven/u/arego/graphnet/data/examples/output/train_tito_model/prometheus-events/dynedgeTITO_direction_example
graphnet [MainProcess] INFO     2024-11-27 19:58:53 - StandardModel.save - Model saved to /raven/u/arego/graphnet/data/examples/output/train_tito_model/prometheus-events/dynedgeTITO_direction_example/model.pth
graphnet [MainProcess] INFO     2024-11-27 19:58:53 - StandardModel.save_state_dict - Model state_dict saved to /raven/u/arego/graphnet/data/examples/output/train_tito_model/prometheus-events/dynedgeTITO_direction_example/state_dict.pth