[1;34mgraphnet[0m [MainProcess] [33mWARNING [0m 2025-01-30 19:19:12 - has_icecube_package - `icecube` not available. Some functionality may be missing.[0m
[1;34mgraphnet[0m [MainProcess] [33mWARNING [0m 2025-01-30 19:20:38 - has_jammy_flows_package - `jammy_flows` not available. Normalizing Flow functionality is missing.[0m
[1;34mgraphnet[0m [MainProcess] [32mINFO    [0m 2025-01-30 19:20:38 - Logger.__init__ - Writing log to [1mlogs/graphnet_20250130-192038.log[0m
[1;34mgraphnet[0m [MainProcess] [32mINFO    [0m 2025-01-30 19:20:40 - main - Available columns in hits[0m
[1;34mgraphnet[0m [MainProcess] [32mINFO    [0m 2025-01-30 19:20:40 - main -   . time[0m
[1;34mgraphnet[0m [MainProcess] [32mINFO    [0m 2025-01-30 19:20:40 - main -   . string_id[0m
[1;34mgraphnet[0m [MainProcess] [32mINFO    [0m 2025-01-30 19:20:40 - main -   . module_id[0m
[1;34mgraphnet[0m [MainProcess] [32mINFO    [0m 2025-01-30 19:20:40 - main -   . pmt_id[0m
[1;34mgraphnet[0m [MainProcess] [32mINFO    [0m 2025-01-30 19:20:40 - main -   . module_location_x[0m
[1;34mgraphnet[0m [MainProcess] [32mINFO    [0m 2025-01-30 19:20:40 - main -   . module_location_y[0m
[1;34mgraphnet[0m [MainProcess] [32mINFO    [0m 2025-01-30 19:20:40 - main -   . module_location_z[0m
[1;34mgraphnet[0m [MainProcess] [32mINFO    [0m 2025-01-30 19:20:40 - main -   . module_radius[0m
[1;34mgraphnet[0m [MainProcess] [32mINFO    [0m 2025-01-30 19:20:40 - main -   . pmt_orientation_x[0m
[1;34mgraphnet[0m [MainProcess] [32mINFO    [0m 2025-01-30 19:20:40 - main -   . pmt_orientation_y[0m
[1;34mgraphnet[0m [MainProcess] [32mINFO    [0m 2025-01-30 19:20:40 - main -   . pmt_orientation_z[0m
[1;34mgraphnet[0m [MainProcess] [32mINFO    [0m 2025-01-30 19:20:40 - main -   . pmt_efficiency[0m
[1;34mgraphnet[0m [MainProcess] [32mINFO    [0m 2025-01-30 19:20:40 - main -   . pmt_area[0m
[1;34mgraphnet[0m [MainProcess] [32mINFO    [0m 2025-01-30 19:20:40 - main -   . pmt_noise_rate[0m
[1;34mgraphnet[0m [MainProcess] [32mINFO    [0m 2025-01-30 19:20:40 - main -   . pmt_location_x[0m
[1;34mgraphnet[0m [MainProcess] [32mINFO    [0m 2025-01-30 19:20:40 - main -   . pmt_location_y[0m
[1;34mgraphnet[0m [MainProcess] [32mINFO    [0m 2025-01-30 19:20:40 - main -   . pmt_location_z[0m
[1;34mgraphnet[0m [MainProcess] [32mINFO    [0m 2025-01-30 19:20:40 - main -   . event_no[0m
[1;34mgraphnet[0m [MainProcess] [32mINFO    [0m 2025-01-30 19:20:41 - main - Available columns in records[0m
[1;34mgraphnet[0m [MainProcess] [32mINFO    [0m 2025-01-30 19:20:41 - main -   . location_x[0m
[1;34mgraphnet[0m [MainProcess] [32mINFO    [0m 2025-01-30 19:20:41 - main -   . location_y[0m
[1;34mgraphnet[0m [MainProcess] [32mINFO    [0m 2025-01-30 19:20:41 - main -   . location_z[0m
[1;34mgraphnet[0m [MainProcess] [32mINFO    [0m 2025-01-30 19:20:41 - main -   . orientation_x[0m
[1;34mgraphnet[0m [MainProcess] [32mINFO    [0m 2025-01-30 19:20:41 - main -   . orientation_y[0m
[1;34mgraphnet[0m [MainProcess] [32mINFO    [0m 2025-01-30 19:20:41 - main -   . orientation_z[0m
[1;34mgraphnet[0m [MainProcess] [32mINFO    [0m 2025-01-30 19:20:41 - main -   . energy[0m
[1;34mgraphnet[0m [MainProcess] [32mINFO    [0m 2025-01-30 19:20:41 - main -   . length[0m
[1;34mgraphnet[0m [MainProcess] [32mINFO    [0m 2025-01-30 19:20:41 - main -   . time[0m
[1;34mgraphnet[0m [MainProcess] [32mINFO    [0m 2025-01-30 19:20:41 - main -   . type[0m
[1;34mgraphnet[0m [MainProcess] [32mINFO    [0m 2025-01-30 19:20:41 - main -   . particle_id[0m
[1;34mgraphnet[0m [MainProcess] [32mINFO    [0m 2025-01-30 19:20:41 - main -   . duration[0m
[1;34mgraphnet[0m [MainProcess] [32mINFO    [0m 2025-01-30 19:20:41 - main -   . event_no[0m
[1;34mgraphnet[0m [MainProcess] [32mINFO    [0m 2025-01-30 19:27:26 - main - Data(x=[438466, 10], n_pulses=438466, edge_index=[2, 3945159], dataset_path='/u/arego/project/Experimenting/data/graphnet_out/Usable', event_no=[1], muon=-1, muon_stopped=-1, noise=-1, neutrino=-1, v_e=-1, v_u=-1, v_t=-1, track=-1, dbang=-1, corsika=-1, location_x=[1], location_y=[1], location_z=[1], orientation_x=[1], orientation_y=[1], orientation_z=[1], energy=[1], length=[1], time=[438466], type=[1], particle_id=[1], duration=[1], features=[10], module_location_x=[438466], module_location_y=[438466], module_location_z=[438466], pmt_orientation_x=[438466], pmt_orientation_y=[438466], pmt_orientation_z=[438466], pmt_location_x=[438466], pmt_location_y=[438466], pmt_location_z=[438466], graph_definition='KNNGraph')[0m
[1;34mgraphnet[0m [MainProcess] [32mINFO    [0m 2025-01-30 19:33:55 - main - tensor([[-0.1200,  0.0000,  0.2500,  ...,  0.0000,  0.2502, -0.3106],
        [-0.1200,  0.0000,  0.2500,  ...,  0.0000,  0.2502, -0.3105],
        [-0.1200,  0.0000,  0.2500,  ...,  0.0000,  0.2502, -0.3105],
        ...,
        [ 0.0400, -0.1386,  0.5000,  ..., -0.1386,  0.4998, -0.3054],
        [ 0.0400, -0.1386,  0.5000,  ..., -0.1386,  0.4998, -0.3052],
        [ 0.0400, -0.1386,  0.5000,  ..., -0.1386,  0.4998, -0.3053]])[0m
[1;34mgraphnet[0m [Process-1] [33mWARNING [0m 2025-01-30 19:34:01 - has_icecube_package - `icecube` not available. Some functionality may be missing.[0m
[1;34mgraphnet[0m [Process-1] [33mWARNING [0m 2025-01-30 19:34:02 - has_jammy_flows_package - `jammy_flows` not available. Normalizing Flow functionality is missing.[0m
[1;34mgraphnet[0m [Process-2] [33mWARNING [0m 2025-01-30 19:34:07 - has_icecube_package - `icecube` not available. Some functionality may be missing.[0m
[1;34mgraphnet[0m [Process-2] [33mWARNING [0m 2025-01-30 19:34:08 - has_jammy_flows_package - `jammy_flows` not available. Normalizing Flow functionality is missing.[0m
[1;34mgraphnet[0m [Process-3] [33mWARNING [0m 2025-01-30 19:34:13 - has_icecube_package - `icecube` not available. Some functionality may be missing.[0m
[1;34mgraphnet[0m [Process-3] [33mWARNING [0m 2025-01-30 19:34:14 - has_jammy_flows_package - `jammy_flows` not available. Normalizing Flow functionality is missing.[0m
[1;34mgraphnet[0m [Process-4] [33mWARNING [0m 2025-01-30 19:34:19 - has_icecube_package - `icecube` not available. Some functionality may be missing.[0m
[1;34mgraphnet[0m [Process-4] [33mWARNING [0m 2025-01-30 19:34:20 - has_jammy_flows_package - `jammy_flows` not available. Normalizing Flow functionality is missing.[0m
[1;34mgraphnet[0m [Process-5] [33mWARNING [0m 2025-01-30 19:34:25 - has_icecube_package - `icecube` not available. Some functionality may be missing.[0m
[1;34mgraphnet[0m [Process-5] [33mWARNING [0m 2025-01-30 19:34:26 - has_jammy_flows_package - `jammy_flows` not available. Normalizing Flow functionality is missing.[0m
[1;34mgraphnet[0m [Process-6] [33mWARNING [0m 2025-01-30 19:34:31 - has_icecube_package - `icecube` not available. Some functionality may be missing.[0m
[1;34mgraphnet[0m [Process-6] [33mWARNING [0m 2025-01-30 19:34:32 - has_jammy_flows_package - `jammy_flows` not available. Normalizing Flow functionality is missing.[0m
[1;34mgraphnet[0m [Process-7] [33mWARNING [0m 2025-01-30 19:34:37 - has_icecube_package - `icecube` not available. Some functionality may be missing.[0m
[1;34mgraphnet[0m [Process-7] [33mWARNING [0m 2025-01-30 19:34:38 - has_jammy_flows_package - `jammy_flows` not available. Normalizing Flow functionality is missing.[0m
[1;34mgraphnet[0m [Process-8] [33mWARNING [0m 2025-01-30 19:34:43 - has_icecube_package - `icecube` not available. Some functionality may be missing.[0m
[1;34mgraphnet[0m [Process-8] [33mWARNING [0m 2025-01-30 19:34:44 - has_jammy_flows_package - `jammy_flows` not available. Normalizing Flow functionality is missing.[0m
[1;34mgraphnet[0m [Process-9] [33mWARNING [0m 2025-01-30 19:34:49 - has_icecube_package - `icecube` not available. Some functionality may be missing.[0m
[1;34mgraphnet[0m [Process-9] [33mWARNING [0m 2025-01-30 19:34:50 - has_jammy_flows_package - `jammy_flows` not available. Normalizing Flow functionality is missing.[0m
[1;34mgraphnet[0m [Process-10] [33mWARNING [0m 2025-01-30 19:34:55 - has_icecube_package - `icecube` not available. Some functionality may be missing.[0m
[1;34mgraphnet[0m [Process-10] [33mWARNING [0m 2025-01-30 19:34:56 - has_jammy_flows_package - `jammy_flows` not available. Normalizing Flow functionality is missing.[0m
[1;34mgraphnet[0m [Process-11] [33mWARNING [0m 2025-01-30 19:35:01 - has_icecube_package - `icecube` not available. Some functionality may be missing.[0m
[1;34mgraphnet[0m [Process-11] [33mWARNING [0m 2025-01-30 19:35:02 - has_jammy_flows_package - `jammy_flows` not available. Normalizing Flow functionality is missing.[0m
[1;34mgraphnet[0m [Process-12] [33mWARNING [0m 2025-01-30 19:35:07 - has_icecube_package - `icecube` not available. Some functionality may be missing.[0m
[1;34mgraphnet[0m [Process-12] [33mWARNING [0m 2025-01-30 19:35:09 - has_jammy_flows_package - `jammy_flows` not available. Normalizing Flow functionality is missing.[0m
[1;34mgraphnet[0m [Process-13] [33mWARNING [0m 2025-01-30 19:35:13 - has_icecube_package - `icecube` not available. Some functionality may be missing.[0m
[1;34mgraphnet[0m [Process-13] [33mWARNING [0m 2025-01-30 19:35:15 - has_jammy_flows_package - `jammy_flows` not available. Normalizing Flow functionality is missing.[0m
[1;34mgraphnet[0m [Process-14] [33mWARNING [0m 2025-01-30 19:35:19 - has_icecube_package - `icecube` not available. Some functionality may be missing.[0m
[1;34mgraphnet[0m [Process-14] [33mWARNING [0m 2025-01-30 19:35:21 - has_jammy_flows_package - `jammy_flows` not available. Normalizing Flow functionality is missing.[0m
[1;34mgraphnet[0m [Process-15] [33mWARNING [0m 2025-01-30 19:35:25 - has_icecube_package - `icecube` not available. Some functionality may be missing.[0m
[1;34mgraphnet[0m [Process-15] [33mWARNING [0m 2025-01-30 19:35:27 - has_jammy_flows_package - `jammy_flows` not available. Normalizing Flow functionality is missing.[0m
[1;34mgraphnet[0m [Process-16] [33mWARNING [0m 2025-01-30 19:35:31 - has_icecube_package - `icecube` not available. Some functionality may be missing.[0m
[1;34mgraphnet[0m [Process-16] [33mWARNING [0m 2025-01-30 19:35:33 - has_jammy_flows_package - `jammy_flows` not available. Normalizing Flow functionality is missing.[0m
[1;34mgraphnet[0m [Process-17] [33mWARNING [0m 2025-01-30 19:35:37 - has_icecube_package - `icecube` not available. Some functionality may be missing.[0m
[1;34mgraphnet[0m [Process-17] [33mWARNING [0m 2025-01-30 19:35:39 - has_jammy_flows_package - `jammy_flows` not available. Normalizing Flow functionality is missing.[0m
[1;34mgraphnet[0m [Process-18] [33mWARNING [0m 2025-01-30 19:35:43 - has_icecube_package - `icecube` not available. Some functionality may be missing.[0m
[1;34mgraphnet[0m [Process-18] [33mWARNING [0m 2025-01-30 19:35:45 - has_jammy_flows_package - `jammy_flows` not available. Normalizing Flow functionality is missing.[0m
[1;34mgraphnet[0m [Process-19] [33mWARNING [0m 2025-01-30 19:35:50 - has_icecube_package - `icecube` not available. Some functionality may be missing.[0m
[1;34mgraphnet[0m [Process-19] [33mWARNING [0m 2025-01-30 19:35:51 - has_jammy_flows_package - `jammy_flows` not available. Normalizing Flow functionality is missing.[0m
[1;34mgraphnet[0m [Process-20] [33mWARNING [0m 2025-01-30 19:35:56 - has_icecube_package - `icecube` not available. Some functionality may be missing.[0m
[1;34mgraphnet[0m [Process-20] [33mWARNING [0m 2025-01-30 19:35:57 - has_jammy_flows_package - `jammy_flows` not available. Normalizing Flow functionality is missing.[0m
[1;34mgraphnet[0m [Process-21] [33mWARNING [0m 2025-01-30 19:36:02 - has_icecube_package - `icecube` not available. Some functionality may be missing.[0m
[1;34mgraphnet[0m [Process-21] [33mWARNING [0m 2025-01-30 19:36:03 - has_jammy_flows_package - `jammy_flows` not available. Normalizing Flow functionality is missing.[0m
[1;34mgraphnet[0m [Process-22] [33mWARNING [0m 2025-01-30 19:36:08 - has_icecube_package - `icecube` not available. Some functionality may be missing.[0m
[1;34mgraphnet[0m [Process-22] [33mWARNING [0m 2025-01-30 19:36:09 - has_jammy_flows_package - `jammy_flows` not available. Normalizing Flow functionality is missing.[0m
[1;34mgraphnet[0m [Process-23] [33mWARNING [0m 2025-01-30 19:36:14 - has_icecube_package - `icecube` not available. Some functionality may be missing.[0m
[1;34mgraphnet[0m [Process-23] [33mWARNING [0m 2025-01-30 19:36:15 - has_jammy_flows_package - `jammy_flows` not available. Normalizing Flow functionality is missing.[0m
[1;34mgraphnet[0m [Process-24] [33mWARNING [0m 2025-01-30 19:36:20 - has_icecube_package - `icecube` not available. Some functionality may be missing.[0m
[1;34mgraphnet[0m [Process-24] [33mWARNING [0m 2025-01-30 19:36:21 - has_jammy_flows_package - `jammy_flows` not available. Normalizing Flow functionality is missing.[0m
[1;34mgraphnet[0m [Process-25] [33mWARNING [0m 2025-01-30 19:36:26 - has_icecube_package - `icecube` not available. Some functionality may be missing.[0m
[1;34mgraphnet[0m [Process-25] [33mWARNING [0m 2025-01-30 19:36:27 - has_jammy_flows_package - `jammy_flows` not available. Normalizing Flow functionality is missing.[0m
[1;34mgraphnet[0m [Process-26] [33mWARNING [0m 2025-01-30 19:36:32 - has_icecube_package - `icecube` not available. Some functionality may be missing.[0m
[1;34mgraphnet[0m [Process-26] [33mWARNING [0m 2025-01-30 19:36:33 - has_jammy_flows_package - `jammy_flows` not available. Normalizing Flow functionality is missing.[0m
[1;34mgraphnet[0m [Process-27] [33mWARNING [0m 2025-01-30 19:36:38 - has_icecube_package - `icecube` not available. Some functionality may be missing.[0m
[1;34mgraphnet[0m [Process-27] [33mWARNING [0m 2025-01-30 19:36:39 - has_jammy_flows_package - `jammy_flows` not available. Normalizing Flow functionality is missing.[0m
[1;34mgraphnet[0m [Process-28] [33mWARNING [0m 2025-01-30 19:36:44 - has_icecube_package - `icecube` not available. Some functionality may be missing.[0m
[1;34mgraphnet[0m [Process-28] [33mWARNING [0m 2025-01-30 19:36:45 - has_jammy_flows_package - `jammy_flows` not available. Normalizing Flow functionality is missing.[0m
[1;34mgraphnet[0m [Process-29] [33mWARNING [0m 2025-01-30 19:36:50 - has_icecube_package - `icecube` not available. Some functionality may be missing.[0m
[1;34mgraphnet[0m [Process-29] [33mWARNING [0m 2025-01-30 19:36:51 - has_jammy_flows_package - `jammy_flows` not available. Normalizing Flow functionality is missing.[0m
[1;34mgraphnet[0m [Process-30] [33mWARNING [0m 2025-01-30 19:36:56 - has_icecube_package - `icecube` not available. Some functionality may be missing.[0m
[1;34mgraphnet[0m [Process-30] [33mWARNING [0m 2025-01-30 19:36:57 - has_jammy_flows_package - `jammy_flows` not available. Normalizing Flow functionality is missing.[0m
                                  
================================= 
Global information about the job: 
================================= 
  
Job owner: arego(54817)
Job name:  TT
Node list: ravc4077
Job start: Thu Jan 30 19:15:51 CET 2025
Job end:   Thu Jan 30 21:16:19 CET 2025
Work dir:  /u/arego/graphnet/examples/02_data/./
Command:   /raven/u/arego/graphnet/examples/02_data/slurm.sh
  
  
  
==========================================================================================
Information on jobsteps (Note: MaxRSS/AveRSS is the maximum/average over all 
tasks of the per-task memory high-water marks; cf. "man sacct"): 
==========================================================================================
  
JobID            JobName NNodes NTasks  NCPUS       MaxRSS       AveRSS    Elapsed ExitCode
------------- ---------- ------ ------ ------ ------------ ------------ ---------- --------
15334038              TT      1            60                             02:00:28      0:0
15334038.0       python3      1      1     60    37816.08M    37816.08M   01:59:55     0:15
  
Maximum memory per node: 39.653037 GB (defined as MaxRSS*Ntasks/NNodes)
CPU utilization: 6.0 %
  
