[1;34mgraphnet[0m [MainProcess] [33mWARNING [0m 2025-01-09 18:30:43 - has_icecube_package - `icecube` not available. Some functionality may be missing.[0m
[1;34mgraphnet[0m [MainProcess] [33mWARNING [0m 2025-01-09 18:31:36 - has_jammy_flows_package - `jammy_flows` not available. Normalizing Flow functionality is missing.[0m
[1;34mgraphnet[0m [MainProcess] [32mINFO    [0m 2025-01-09 18:31:36 - SQLiteWriter.__init__ - Writing log to [1mlogs/graphnet_20250109-183136.log[0m
[1;34mgraphnet[0m [MainProcess] [32mINFO    [0m 2025-01-09 18:31:36 - DataConverter.get_map_function - Processing 65 file(s) in main thread(not multiprocessing)[0m
[1;34mgraphnet[0m [MainProcess] [33mWARNING [0m 2025-01-09 18:33:37 - SQLiteWriter._save_file - Output file /u/arego/project/Experimenting/data/graphnet_out/15records/1p/5.db already exists. Appending.[0m
[1;34mgraphnet[0m [MainProcess] [33mWARNING [0m 2025-01-09 18:38:19 - SQLiteWriter._save_file - Output file /u/arego/project/Experimenting/data/graphnet_out/15records/1p/23.db already exists. Appending.[0m
[1;34mgraphnet[0m [MainProcess] [33mWARNING [0m 2025-01-09 18:38:35 - SQLiteWriter._save_file - Output file /u/arego/project/Experimenting/data/graphnet_out/15records/1p/4.db already exists. Appending.[0m
[1;34mgraphnet[0m [MainProcess] [33mWARNING [0m 2025-01-09 18:43:09 - SQLiteWriter._save_file - Output file /u/arego/project/Experimenting/data/graphnet_out/15records/1p/22.db already exists. Appending.[0m
[1;34mgraphnet[0m [MainProcess] [33mWARNING [0m 2025-01-09 18:47:06 - SQLiteWriter._save_file - Output file /u/arego/project/Experimenting/data/graphnet_out/15records/1p/21.db already exists. Appending.[0m
[1;34mgraphnet[0m [MainProcess] [33mWARNING [0m 2025-01-09 18:51:18 - SQLiteWriter._save_file - Output file /u/arego/project/Experimenting/data/graphnet_out/15records/1p/20.db already exists. Appending.[0m
[1;34mgraphnet[0m [MainProcess] [33mWARNING [0m 2025-01-09 18:51:50 - SQLiteWriter._save_file - Output file /u/arego/project/Experimenting/data/graphnet_out/15records/1p/14.db already exists. Appending.[0m
[1;34mgraphnet[0m [MainProcess] [33mWARNING [0m 2025-01-09 18:54:32 - SQLiteWriter._save_file - Output file /u/arego/project/Experimenting/data/graphnet_out/15records/1p/13.db already exists. Appending.[0m
[1;34mgraphnet[0m [MainProcess] [33mWARNING [0m 2025-01-09 18:55:17 - SQLiteWriter._save_file - Output file /u/arego/project/Experimenting/data/graphnet_out/15records/1p/3.db already exists. Appending.[0m
[1;34mgraphnet[0m [MainProcess] [33mWARNING [0m 2025-01-09 18:59:20 - SQLiteWriter._save_file - Output file /u/arego/project/Experimenting/data/graphnet_out/15records/1p/12.db already exists. Appending.[0m
[1;34mgraphnet[0m [MainProcess] [33mWARNING [0m 2025-01-09 19:02:42 - SQLiteWriter._save_file - Output file /u/arego/project/Experimenting/data/graphnet_out/15records/1p/11.db already exists. Appending.[0m
[1;34mgraphnet[0m [MainProcess] [33mWARNING [0m 2025-01-09 19:09:09 - SQLiteWriter._save_file - Output file /u/arego/project/Experimenting/data/graphnet_out/15records/1p/10.db already exists. Appending.[0m
job finished
                                  
================================= 
Global information about the job: 
================================= 
  
Job owner: arego(54817)
Job name:  TT
Node list: ravc4014
Job start: Thu Jan  9 18:30:31 CET 2025
Job end:   Thu Jan  9 19:14:08 CET 2025
Work dir:  /u/arego/graphnet/examples/05_liquido/./
Command:   /raven/u/arego/graphnet/examples/05_liquido/SlurmConversion.sh
  
  
  
==========================================================================================
Information on jobsteps (Note: MaxRSS/AveRSS is the maximum/average over all 
tasks of the per-task memory high-water marks; cf. "man sacct"): 
==========================================================================================
  
JobID            JobName NNodes NTasks  NCPUS       MaxRSS       AveRSS    Elapsed ExitCode
------------- ---------- ------ ------ ------ ------------ ------------ ---------- --------
14831732              TT      1             2                             00:43:37      0:0
14831732.0       python3      1      1      1   116213.64M   116213.64M   00:43:33    0:125
  
Maximum memory per node: 121.858834 GB (defined as MaxRSS*Ntasks/NNodes)
CPU utilization: 94.2 %
  
