[1;34mgraphnet[0m [MainProcess] [33mWARNING [0m 2025-02-09 16:11:00 - has_icecube_package - `icecube` not available. Some functionality may be missing.[0m
[1;34mgraphnet[0m [MainProcess] [33mWARNING [0m 2025-02-09 16:11:44 - has_jammy_flows_package - `jammy_flows` not available. Normalizing Flow functionality is missing.[0m
job finished
                                  
================================= 
Global information about the job: 
================================= 
  
Job owner: arego(54817)
Job name:  TT
Node list: ravc3217
Job start: Sun Feb  9 16:10:47 CET 2025
Job end:   Sun Feb  9 16:11:46 CET 2025
Work dir:  /u/arego/graphnet/examples/05_liquido/./
Command:   /raven/u/arego/graphnet/examples/05_liquido/SlurmConversion.sh
  
  
  
==========================================================================================
Information on jobsteps (Note: MaxRSS/AveRSS is the maximum/average over all 
tasks of the per-task memory high-water marks; cf. "man sacct"): 
==========================================================================================
  
JobID            JobName NNodes NTasks  NCPUS       MaxRSS       AveRSS    Elapsed ExitCode
------------- ---------- ------ ------ ------ ------------ ------------ ---------- --------
15491427              TT      1            16                             00:00:59      0:0
15491427.0       python3      1      1     16      407.86M      407.86M   00:00:55      1:0
  
Maximum memory per node: 0.427674 GB (defined as MaxRSS*Ntasks/NNodes)
CPU utilization: 0.6 %
  
