[1;34mgraphnet[0m [MainProcess] [33mWARNING [0m 2025-01-09 16:25:33 - has_icecube_package - `icecube` not available. Some functionality may be missing.[0m
[1;34mgraphnet[0m [MainProcess] [33mWARNING [0m 2025-01-09 16:26:41 - has_jammy_flows_package - `jammy_flows` not available. Normalizing Flow functionality is missing.[0m
[1;34mgraphnet[0m [MainProcess] [32mINFO    [0m 2025-01-09 16:26:41 - SQLiteWriter.__init__ - Writing log to [1mlogs/graphnet_20250109-162641.log[0m
[1;34mgraphnet[0m [MainProcess] [32mINFO    [0m 2025-01-09 16:26:41 - DataConverter.get_map_function - Processing 30 file(s) in main thread(not multiprocessing)[0m
[1;34mgraphnet[0m [MainProcess] [32mINFO    [0m 2025-01-09 17:14:42 - DataConverter.merge_files - Merging files to /u/arego/project/Experimenting/data/graphnet_out/15records/1p/merged[0m
[1;34mgraphnet[0m [MainProcess] [32mINFO    [0m 2025-01-09 17:14:42 - SQLiteWriter.merge_files - Merging 30 database files[0m
job finished
                                  
================================= 
Global information about the job: 
================================= 
  
Job owner: arego(54817)
Job name:  TT
Node list: ravc4076
Job start: Thu Jan  9 16:25:19 CET 2025
Job end:   Thu Jan  9 18:17:38 CET 2025
Work dir:  /u/arego/graphnet/examples/05_liquido/./
Command:   /raven/u/arego/graphnet/examples/05_liquido/SlurmConversion.sh
  
  
  
==========================================================================================
Information on jobsteps (Note: MaxRSS/AveRSS is the maximum/average over all 
tasks of the per-task memory high-water marks; cf. "man sacct"): 
==========================================================================================
  
JobID            JobName NNodes NTasks  NCPUS       MaxRSS       AveRSS    Elapsed ExitCode
------------- ---------- ------ ------ ------ ------------ ------------ ---------- --------
14827557              TT      1             2                             01:52:19      0:0
14827557.0       python3      1      1      1    30408.18M    30408.18M   01:52:14      0:0
  
Maximum memory per node: 31.885288 GB (defined as MaxRSS*Ntasks/NNodes)
CPU utilization: 97.3 %
  
