 Hint: Loaded cuda/12.1 but please note that no NVIDIA driver is installed on this machine.
  0%|[32m          [0m| 0/1 [00:00<?, ? file(s)/s]  0%|[32m          [0m| 0/1 [00:00<?, ? file(s)/s]
Traceback (most recent call last):
  File "/u/arego/graphnet/examples/05_liquido/pone_h5.py", line 51, in <module>
    main(args.backend)
  File "/u/arego/graphnet/examples/05_liquido/pone_h5.py", line 32, in main
    converter(input_dir=input_dir)
  File "/raven/u/arego/graphnet/src/graphnet/data/dataconverter.py", line 108, in __call__
    self._launch_jobs(input_files=input_files)
  File "/raven/u/arego/graphnet/src/graphnet/data/dataconverter.py", line 135, in _launch_jobs
    for _ in map_fn(
  File "/raven/u/arego/graphnet/src/graphnet/data/dataconverter.py", line 169, in _process_file
    pd.unique(data[keys[np.argmin(counter)]][self._index_column])
  File "<__array_function__ internals>", line 180, in argmin
  File "/raven/u/arego/graphnet-venv/lib/python3.10/site-packages/numpy/core/fromnumeric.py", line 1312, in argmin
    return _wrapfunc(a, 'argmin', axis=axis, out=out, **kwds)
  File "/raven/u/arego/graphnet-venv/lib/python3.10/site-packages/numpy/core/fromnumeric.py", line 54, in _wrapfunc
    return _wrapit(obj, method, *args, **kwds)
  File "/raven/u/arego/graphnet-venv/lib/python3.10/site-packages/numpy/core/fromnumeric.py", line 43, in _wrapit
    result = getattr(asarray(obj), method)(*args, **kwds)
ValueError: attempt to get argmin of an empty sequence
srun: error: ravc3117: task 0: Exited with exit code 1
srun: Terminating StepId=15491977.0
