[1;34mgraphnet[0m [MainProcess] [33mWARNING [0m 2025-01-20 16:16:32 - has_icecube_package - `icecube` not available. Some functionality may be missing.[0m
[1;34mgraphnet[0m [MainProcess] [33mWARNING [0m 2025-01-20 16:17:59 - has_jammy_flows_package - `jammy_flows` not available. Normalizing Flow functionality is missing.[0m
[1;34mgraphnet[0m [MainProcess] [32mINFO    [0m 2025-01-20 16:17:59 - ParquetWriter.__init__ - Writing log to [1mlogs/graphnet_20250120-161759.log[0m
[1;34mgraphnet[0m [MainProcess] [32mINFO    [0m 2025-01-20 16:17:59 - DataConverter.get_map_function - Starting pool of 8 workers to process {nb_files} {unit}[0m
job finished
                                  
================================= 
Global information about the job: 
================================= 
  
Job owner: arego(54817)
Job name:  TT
Node list: ravc4055
Job start: Mon Jan 20 16:16:12 CET 2025
Job end:   Mon Jan 20 16:18:50 CET 2025
Work dir:  /u/arego/graphnet/examples/05_liquido/./
Command:   /raven/u/arego/graphnet/examples/05_liquido/SlurmConversion.sh
  
  
  
==========================================================================================
Information on jobsteps (Note: MaxRSS/AveRSS is the maximum/average over all 
tasks of the per-task memory high-water marks; cf. "man sacct"): 
==========================================================================================
  
JobID            JobName NNodes NTasks  NCPUS       MaxRSS       AveRSS    Elapsed ExitCode
------------- ---------- ------ ------ ------ ------------ ------------ ---------- --------
15145657              TT      1             2                             00:02:38      0:0
15145657.0       python3      1      1      1     7014.34M     7014.34M   00:02:28      0:0
  
Maximum memory per node: 7.355067 GB (defined as MaxRSS*Ntasks/NNodes)
CPU utilization: 25.9 %
  
