[1;34mgraphnet[0m [MainProcess] [33mWARNING [0m 2025-01-29 18:45:59 - has_icecube_package - `icecube` not available. Some functionality may be missing.[0m
[1;34mgraphnet[0m [MainProcess] [33mWARNING [0m 2025-01-29 18:47:04 - has_jammy_flows_package - `jammy_flows` not available. Normalizing Flow functionality is missing.[0m
[1;34mgraphnet[0m [MainProcess] [32mINFO    [0m 2025-01-29 18:47:04 - ParquetWriter.__init__ - Writing log to [1mlogs/graphnet_20250129-184704.log[0m
[1;34mgraphnet[0m [MainProcess] [32mINFO    [0m 2025-01-29 18:47:04 - DataConverter.get_map_function - Starting pool of 6 workers to process {nb_files} {unit}[0m
job finished
                                  
================================= 
Global information about the job: 
================================= 
  
Job owner: arego(54817)
Job name:  TT
Node list: ravc4092
Job start: Wed Jan 29 18:45:42 CET 2025
Job end:   Wed Jan 29 18:47:37 CET 2025
Work dir:  /u/arego/graphnet/examples/05_liquido/./
Command:   /raven/u/arego/graphnet/examples/05_liquido/SlurmConversion.sh
  
  
  
==========================================================================================
Information on jobsteps (Note: MaxRSS/AveRSS is the maximum/average over all 
tasks of the per-task memory high-water marks; cf. "man sacct"): 
==========================================================================================
  
JobID            JobName NNodes NTasks  NCPUS       MaxRSS       AveRSS    Elapsed ExitCode
------------- ---------- ------ ------ ------ ------------ ------------ ---------- --------
15316256              TT      1            16                             00:01:55      0:0
15316256.0       python3      1      1     16    29890.53M    29890.53M   00:01:49      0:0
  
Maximum memory per node: 31.342491 GB (defined as MaxRSS*Ntasks/NNodes)
CPU utilization: 8.6 %
  
