[1;34mgraphnet[0m [MainProcess] [33mWARNING [0m 2025-02-09 17:11:49 - has_icecube_package - `icecube` not available. Some functionality may be missing.[0m
[1;34mgraphnet[0m [MainProcess] [33mWARNING [0m 2025-02-09 17:12:10 - has_jammy_flows_package - `jammy_flows` not available. Normalizing Flow functionality is missing.[0m
[1;34mgraphnet[0m [MainProcess] [32mINFO    [0m 2025-02-09 17:12:10 - ParquetWriter.__init__ - Writing log to [1mlogs/graphnet_20250209-171210.log[0m
[1;34mgraphnet[0m [MainProcess] [32mINFO    [0m 2025-02-09 17:12:10 - DataConverter.get_map_function - Processing 1 file(s) in main thread(not multiprocessing)[0m
job finished
                                  
================================= 
Global information about the job: 
================================= 
  
Job owner: arego(54817)
Job name:  TT
Node list: ravc3109
Job start: Sun Feb  9 17:11:40 CET 2025
Job end:   Sun Feb  9 17:12:24 CET 2025
Work dir:  /u/arego/graphnet/examples/05_liquido/./
Command:   /raven/u/arego/graphnet/examples/05_liquido/SlurmConversion.sh
  
  
  
==========================================================================================
Information on jobsteps (Note: MaxRSS/AveRSS is the maximum/average over all 
tasks of the per-task memory high-water marks; cf. "man sacct"): 
==========================================================================================
  
JobID            JobName NNodes NTasks  NCPUS       MaxRSS       AveRSS    Elapsed ExitCode
------------- ---------- ------ ------ ------ ------------ ------------ ---------- --------
15492083              TT      1            16                             00:00:44      0:0
15492083.0       python3      1      1     16     2457.73M     2457.73M   00:00:40      0:0
  
Maximum memory per node: 2.577116 GB (defined as MaxRSS*Ntasks/NNodes)
CPU utilization: 2.3 %
  
