[1;34mgraphnet[0m [MainProcess] [33mWARNING [0m 2025-01-09 15:33:53 - has_icecube_package - `icecube` not available. Some functionality may be missing.[0m
[1;34mgraphnet[0m [MainProcess] [33mWARNING [0m 2025-01-09 15:34:45 - has_jammy_flows_package - `jammy_flows` not available. Normalizing Flow functionality is missing.[0m
[1;34mgraphnet[0m [MainProcess] [32mINFO    [0m 2025-01-09 15:34:46 - SQLiteWriter.__init__ - Writing log to [1mlogs/graphnet_20250109-153446.log[0m
[1;34mgraphnet[0m [MainProcess] [32mINFO    [0m 2025-01-09 15:34:46 - DataConverter.get_map_function - Processing 65 file(s) in main thread(not multiprocessing)[0m
job finished
                                  
================================= 
Global information about the job: 
================================= 
  
Job owner: arego(54817)
Job name:  TT
Node list: ravc4141
Job start: Thu Jan  9 15:33:37 CET 2025
Job end:   Thu Jan  9 16:16:13 CET 2025
Work dir:  /u/arego/graphnet/examples/05_liquido/./
Command:   /raven/u/arego/graphnet/examples/05_liquido/SlurmConversion.sh
  
  
  
==========================================================================================
Information on jobsteps (Note: MaxRSS/AveRSS is the maximum/average over all 
tasks of the per-task memory high-water marks; cf. "man sacct"): 
==========================================================================================
  
JobID            JobName NNodes NTasks  NCPUS       MaxRSS       AveRSS    Elapsed ExitCode
------------- ---------- ------ ------ ------ ------------ ------------ ---------- --------
14827095              TT      1             2                             00:42:36      0:0
14827095.0       python3      1      1      1    54113.01M    54113.01M   00:42:29    0:125
  
Maximum memory per node: 56.741601 GB (defined as MaxRSS*Ntasks/NNodes)
CPU utilization: 93.5 %
  
