[1;34mgraphnet[0m [MainProcess] [33mWARNING [0m 2025-01-29 18:51:46 - has_icecube_package - `icecube` not available. Some functionality may be missing.[0m
[1;34mgraphnet[0m [MainProcess] [33mWARNING [0m 2025-01-29 18:52:07 - has_jammy_flows_package - `jammy_flows` not available. Normalizing Flow functionality is missing.[0m
[1;34mgraphnet[0m [MainProcess] [32mINFO    [0m 2025-01-29 18:52:07 - SQLiteWriter.__init__ - Writing log to [1mlogs/graphnet_20250129-185207.log[0m
[1;34mgraphnet[0m [MainProcess] [32mINFO    [0m 2025-01-29 18:52:07 - DataConverter.get_map_function - Starting pool of 8 workers to process {nb_files} {unit}[0m
                                  
================================= 
Global information about the job: 
================================= 
  
Job owner: arego(54817)
Job name:  TT
Node list: ravc4100
Job start: Wed Jan 29 18:51:35 CET 2025
Job end:   Wed Jan 29 20:51:46 CET 2025
Work dir:  /u/arego/graphnet/examples/05_liquido/./
Command:   /raven/u/arego/graphnet/examples/05_liquido/SlurmConversion.sh
  
  
  
==========================================================================================
Information on jobsteps (Note: MaxRSS/AveRSS is the maximum/average over all 
tasks of the per-task memory high-water marks; cf. "man sacct"): 
==========================================================================================
  
JobID            JobName NNodes NTasks  NCPUS       MaxRSS       AveRSS    Elapsed ExitCode
------------- ---------- ------ ------ ------ ------------ ------------ ---------- --------
15316486              TT      1            16                             02:00:11      0:0
15316486.0       python3      1      1     16   117784.01M   117784.01M   02:00:11    0:125
  
Maximum memory per node: 123.505485 GB (defined as MaxRSS*Ntasks/NNodes)
CPU utilization: 2.1 %
  
