[1;34mgraphnet[0m [MainProcess] [33mWARNING [0m 2025-02-09 17:03:50 - has_icecube_package - `icecube` not available. Some functionality may be missing.[0m
[1;34mgraphnet[0m [MainProcess] [33mWARNING [0m 2025-02-09 17:03:54 - has_jammy_flows_package - `jammy_flows` not available. Normalizing Flow functionality is missing.[0m
[1;34mgraphnet[0m [MainProcess] [32mINFO    [0m 2025-02-09 17:03:54 - ParquetWriter.__init__ - Writing log to [1mlogs/graphnet_20250209-170354.log[0m
[1;34mgraphnet[0m [MainProcess] [32mINFO    [0m 2025-02-09 17:03:54 - DataConverter.get_map_function - Processing 1 file(s) in main thread(not multiprocessing)[0m
['/detector', '/hits', '/records', '/sources']
Error in extractor hits: 'hits'
['/detector', '/hits', '/records', '/sources']
job finished
                                  
================================= 
Global information about the job: 
================================= 
  
Job owner: arego(54817)
Job name:  TT
Node list: ravc4120
Job start: Sun Feb  9 17:03:44 CET 2025
Job end:   Sun Feb  9 17:03:58 CET 2025
Work dir:  /u/arego/graphnet/examples/05_liquido/./
Command:   /raven/u/arego/graphnet/examples/05_liquido/SlurmConversion.sh
  
  
  
==========================================================================================
Information on jobsteps (Note: MaxRSS/AveRSS is the maximum/average over all 
tasks of the per-task memory high-water marks; cf. "man sacct"): 
==========================================================================================
  
JobID            JobName NNodes NTasks  NCPUS       MaxRSS       AveRSS    Elapsed ExitCode
------------- ---------- ------ ------ ------ ------------ ------------ ---------- --------
15492011              TT      1            16                             00:00:14      0:0
15492011.0       python3      1      1     16        1.48M        1.48M   00:00:10      0:0
  
Maximum memory per node: 0.001644 GB (defined as MaxRSS*Ntasks/NNodes)
CPU utilization: 0.0 %
  
