[1;34mgraphnet[0m [MainProcess] [33mWARNING [0m 2025-02-09 16:30:51 - has_icecube_package - `icecube` not available. Some functionality may be missing.[0m
[1;34mgraphnet[0m [MainProcess] [33mWARNING [0m 2025-02-09 16:31:50 - has_jammy_flows_package - `jammy_flows` not available. Normalizing Flow functionality is missing.[0m
[1;34mgraphnet[0m [MainProcess] [32mINFO    [0m 2025-02-09 16:31:50 - ParquetWriter.__init__ - Writing log to [1mlogs/graphnet_20250209-163150.log[0m
job finished
                                  
================================= 
Global information about the job: 
================================= 
  
Job owner: arego(54817)
Job name:  TT
Node list: ravc4072
Job start: Sun Feb  9 16:30:36 CET 2025
Job end:   Sun Feb  9 16:31:53 CET 2025
Work dir:  /u/arego/graphnet/examples/05_liquido/./
Command:   /raven/u/arego/graphnet/examples/05_liquido/SlurmConversion.sh
  
  
  
==========================================================================================
Information on jobsteps (Note: MaxRSS/AveRSS is the maximum/average over all 
tasks of the per-task memory high-water marks; cf. "man sacct"): 
==========================================================================================
  
JobID            JobName NNodes NTasks  NCPUS       MaxRSS       AveRSS    Elapsed ExitCode
------------- ---------- ------ ------ ------ ------------ ------------ ---------- --------
15491631              TT      1            16                             00:01:17      0:0
15491631.0       python3      1      1     16      497.59M      497.59M   00:01:12      1:0
  
Maximum memory per node: 0.521758 GB (defined as MaxRSS*Ntasks/NNodes)
CPU utilization: 0.8 %
  
