[1;34mgraphnet[0m [MainProcess] [33mWARNING [0m 2025-02-09 16:16:47 - has_icecube_package - `icecube` not available. Some functionality may be missing.[0m
[1;34mgraphnet[0m [MainProcess] [33mWARNING [0m 2025-02-09 16:16:57 - has_jammy_flows_package - `jammy_flows` not available. Normalizing Flow functionality is missing.[0m
[1;34mgraphnet[0m [MainProcess] [32mINFO    [0m 2025-02-09 16:16:57 - ParquetWriter.__init__ - Writing log to [1mlogs/graphnet_20250209-161657.log[0m
job finished
                                  
================================= 
Global information about the job: 
================================= 
  
Job owner: arego(54817)
Job name:  TT
Node list: ravc3529
Job start: Sun Feb  9 16:16:38 CET 2025
Job end:   Sun Feb  9 16:16:57 CET 2025
Work dir:  /u/arego/graphnet/examples/05_liquido/./
Command:   /raven/u/arego/graphnet/examples/05_liquido/SlurmConversion.sh
  
  
  
==========================================================================================
Information on jobsteps (Note: MaxRSS/AveRSS is the maximum/average over all 
tasks of the per-task memory high-water marks; cf. "man sacct"): 
==========================================================================================
  
JobID            JobName NNodes NTasks  NCPUS       MaxRSS       AveRSS    Elapsed ExitCode
------------- ---------- ------ ------ ------ ------------ ------------ ---------- --------
15491479              TT      1            16                             00:00:19      0:0
15491479.0       python3      1      1     16        1.47M        1.47M   00:00:12      1:0
  
Maximum memory per node: 0.001719 GB (defined as MaxRSS*Ntasks/NNodes)
CPU utilization: 0.0 %
  
