[1;34mgraphnet[0m [MainProcess] [33mWARNING [0m 2025-01-23 19:01:52 - has_icecube_package - `icecube` not available. Some functionality may be missing.[0m
[1;34mgraphnet[0m [MainProcess] [33mWARNING [0m 2025-01-23 19:08:33 - has_jammy_flows_package - `jammy_flows` not available. Normalizing Flow functionality is missing.[0m
[1;34mgraphnet[0m [MainProcess] [32mINFO    [0m 2025-01-23 19:08:33 - ParquetWriter.__init__ - Writing log to [1mlogs/graphnet_20250123-190833.log[0m
[1;34mgraphnet[0m [MainProcess] [32mINFO    [0m 2025-01-23 19:08:33 - DataConverter.get_map_function - Starting pool of 8 workers to process {nb_files} {unit}[0m
job finished
                                  
================================= 
Global information about the job: 
================================= 
  
Job owner: arego(54817)
Job name:  TT
Node list: ravc4112
Job start: Thu Jan 23 19:00:30 CET 2025
Job end:   Thu Jan 23 19:10:30 CET 2025
Work dir:  /u/arego/graphnet/examples/05_liquido/./
Command:   /raven/u/arego/graphnet/examples/05_liquido/SlurmConversion.sh
  
  
  
==========================================================================================
Information on jobsteps (Note: MaxRSS/AveRSS is the maximum/average over all 
tasks of the per-task memory high-water marks; cf. "man sacct"): 
==========================================================================================
  
JobID            JobName NNodes NTasks  NCPUS       MaxRSS       AveRSS    Elapsed ExitCode
------------- ---------- ------ ------ ------ ------------ ------------ ---------- --------
15201480              TT      1             2                             00:10:00      0:0
15201480.0       python3      1      1      1     6451.27M     6451.27M   00:09:54      0:0
  
Maximum memory per node: 6.764643 GB (defined as MaxRSS*Ntasks/NNodes)
CPU utilization: 6.8 %
  
